<?xml version="1.0" encoding="UTF-8"?>
<!-- Generated by org.testng.reporters.JUnitReportReporter -->
<testsuite skipped="0" hostname="DESKTOP-RO4SQMB" name="basics.Basic2" tests="2" failures="0" timestamp="29 Jul 2022 03:43:30 GMT" time="0.005" errors="0">
  <testcase name="test1" time="0.003" classname="basics.Basic2"/>
  <testcase name="test2" time="0.002" classname="basics.Basic2"/>
</testsuite> <!-- basics.Basic2 -->
