<?xml version="1.0" encoding="UTF-8"?>
<!-- Generated by org.testng.reporters.JUnitReportReporter -->
<testsuite skipped="0" hostname="DESKTOP-RO4SQMB" name="sample.Homepage" tests="4" failures="0" timestamp="29 Jul 2022 04:18:32 GMT" time="2.161" errors="0">
  <testcase name="z" time="0.082" classname="sample.Homepage"/>
  <testcase name="gettext" time="0.149" classname="sample.Homepage"/>
  <testcase name="geturl" time="0.103" classname="sample.Homepage"/>
  <testcase name="login" time="1.827" classname="sample.Homepage"/>
</testsuite> <!-- sample.Homepage -->
