<?xml version="1.0" encoding="UTF-8"?>
<!-- Generated by org.testng.reporters.JUnitReportReporter -->
<testsuite skipped="0" hostname="DESKTOP-RO4SQMB" name="sample.Myntra" tests="3" failures="0" timestamp="29 Jul 2022 04:07:12 GMT" time="29.095" errors="0">
  <testcase name="search" time="7.129" classname="sample.Myntra"/>
  <testcase name="search" time="15.031" classname="sample.Myntra"/>
  <testcase name="search" time="6.935" classname="sample.Myntra"/>
</testsuite> <!-- sample.Myntra -->
