<?xml version="1.0" encoding="UTF-8"?>
<!-- Generated by org.testng.reporters.JUnitReportReporter -->
<testsuite skipped="0" hostname="DESKTOP-RO4SQMB" name="takescreenshots.DemoListener" tests="3" failures="0" timestamp="30 Jul 2022 04:09:33 GMT" time="8.273" errors="0">
  <testcase name="clickOnAdvanceJavaLink" time="4.641" classname="takescreenshots.DemoListener"/>
  <testcase name="testToFail" time="0.019" classname="takescreenshots.DemoListener"/>
  <testcase name="OpenSite" time="3.613" classname="takescreenshots.DemoListener"/>
</testsuite> <!-- takescreenshots.DemoListener -->
