<?xml version="1.0" encoding="UTF-8"?>
<!-- Generated by org.testng.reporters.JUnitReportReporter -->
<testsuite skipped="0" hostname="DESKTOP-RO4SQMB" name="basics.Basic1" tests="2" failures="0" timestamp="29 Jul 2022 04:18:32 GMT" time="0.018" errors="0">
  <testcase name="a" time="0.011" classname="basics.Basic1"/>
  <testcase name="e" time="0.007" classname="basics.Basic1"/>
</testsuite> <!-- basics.Basic1 -->
